  [1m[36m (0.9ms)[0m  [1mCREATE TABLE "schema_migrations" ("version" varchar NOT NULL) [0m
  [1m[35m (0.1ms)[0m  select sqlite_version(*)
  [1m[36m (0.9ms)[0m  [1mCREATE UNIQUE INDEX "unique_schema_migrations" ON "schema_migrations" ("version")[0m
  [1m[35mActiveRecord::SchemaMigration Load (0.1ms)[0m  SELECT "schema_migrations".* FROM "schema_migrations"
Migrating to CreatePosts (20150216133210)
  [1m[36m (0.1ms)[0m  [1mbegin transaction[0m
  [1m[35m (0.3ms)[0m  CREATE TABLE "posts" ("id" INTEGER PRIMARY KEY AUTOINCREMENT NOT NULL, "title" varchar, "body" text, "created_at" datetime NOT NULL, "updated_at" datetime NOT NULL) 
  [1m[36mSQL (0.2ms)[0m  [1mINSERT INTO "schema_migrations" ("version") VALUES (?)[0m  [["version", "20150216133210"]]
  [1m[35m (0.8ms)[0m  commit transaction
  [1m[36mActiveRecord::SchemaMigration Load (0.1ms)[0m  [1mSELECT "schema_migrations".* FROM "schema_migrations"[0m


Started GET "/" for ::1 at 2015-02-16 08:32:47 -0500
  [1m[36mActiveRecord::SchemaMigration Load (0.1ms)[0m  [1mSELECT "schema_migrations".* FROM "schema_migrations"[0m
Processing by Rails::WelcomeController#index as HTML
  Rendered /Library/Ruby/Gems/2.0.0/gems/railties-4.2.0/lib/rails/templates/rails/welcome/index.html.erb (1.7ms)
Completed 200 OK in 59ms (Views: 9.0ms | ActiveRecord: 0.0ms)


Started GET "/" for ::1 at 2015-02-16 08:33:31 -0500
Processing by PostsController#index as HTML
  [1m[35mPost Load (0.3ms)[0m  SELECT "posts".* FROM "posts"
  Rendered posts/index.html.erb within layouts/application (2.4ms)
Completed 200 OK in 1163ms (Views: 1160.5ms | ActiveRecord: 0.4ms)


Started GET "/assets/posts-64e62ddc273c2f5847f30d698ca14b67.css?body=1" for ::1 at 2015-02-16 08:33:32 -0500


Started GET "/assets/scaffolds-e09a2ac55b8edfc8a57ac1deb5f1b64d.css?body=1" for ::1 at 2015-02-16 08:33:32 -0500


Started GET "/assets/posts-fcec5b5a277ac7c20cc9f45a209a3bcd.js?body=1" for ::1 at 2015-02-16 08:33:32 -0500


Started GET "/assets/application-bf61e827b72e678231ce581bfb362919.css?body=1" for ::1 at 2015-02-16 08:33:32 -0500


Started GET "/assets/jquery-87424c3c19e96d4fb033c10ebe21ec40.js?body=1" for ::1 at 2015-02-16 08:33:32 -0500


Started GET "/assets/jquery_ujs-e27bd20a10d28155845a22d71ef94f2f.js?body=1" for ::1 at 2015-02-16 08:33:32 -0500


Started GET "/assets/application-79e1233a68e5fdd328d8a2ea17ddef8a.js?body=1" for ::1 at 2015-02-16 08:33:32 -0500


Started GET "/assets/turbolinks-da8ddad9c2c5483d4c5c30c1ce325253.js?body=1" for ::1 at 2015-02-16 08:33:32 -0500
  [1m[36m (870.5ms)[0m  [1mCREATE TABLE "posts" ("id" INTEGER PRIMARY KEY AUTOINCREMENT NOT NULL, "title" varchar, "body" text, "created_at" datetime NOT NULL, "updated_at" datetime NOT NULL) [0m
  [1m[35m (801.0ms)[0m  CREATE TABLE "schema_migrations" ("version" varchar NOT NULL) 
  [1m[36m (0.1ms)[0m  [1mselect sqlite_version(*)[0m
  [1m[35m (973.4ms)[0m  CREATE UNIQUE INDEX "unique_schema_migrations" ON "schema_migrations" ("version")
  [1m[36m (0.1ms)[0m  [1mSELECT version FROM "schema_migrations"[0m
  [1m[35m (1152.1ms)[0m  INSERT INTO "schema_migrations" (version) VALUES ('20150216133210')
DEPRECATION WARNING: alias_method_chain is deprecated. Please, use Module#prepend instead. From module, you can access the original method using super. (called from block in tsort_each at /home/dimoon/.rvm/rubies/ruby-2.2.3/lib/ruby/2.2.0/tsort.rb:226)
DEPRECATION WARNING: before_filter is deprecated and will be removed in Rails 5.1. Use before_action instead. (called from service at /home/dimoon/.rvm/rubies/ruby-2.2.3/lib/ruby/2.2.0/webrick/httpserver.rb:138)
DEPRECATION WARNING: after_filter is deprecated and will be removed in Rails 5.1. Use after_action instead. (called from service at /home/dimoon/.rvm/rubies/ruby-2.2.3/lib/ruby/2.2.0/webrick/httpserver.rb:138)
Started GET "/" for 127.0.0.1 at 2016-02-23 17:11:54 +0300
DEPRECATION WARNING: ActiveRecord::Base.raise_in_transactional_callbacks= is deprecated, has no effect and will be removed without replacement. (called from service at /home/dimoon/.rvm/rubies/ruby-2.2.3/lib/ruby/2.2.0/webrick/httpserver.rb:138)
  [1m[36mActiveRecord::SchemaMigration Load (0.2ms)[0m  [1m[34mSELECT "schema_migrations".* FROM "schema_migrations"[0m
Processing by PostsController#index as HTML
  [1m[36mPost Load (0.2ms)[0m  [1m[34mSELECT "posts".* FROM "posts"[0m
  Rendered posts/index.html.erb within layouts/application (7.9ms)
Completed 200 OK in 1408ms (Views: 1389.7ms | ActiveRecord: 0.6ms)
Started GET "/assets/posts.self-e3b0c44298fc1c149afbf4c8996fb92427ae41e4649b934ca495991b7852b855.css?body=1" for 127.0.0.1 at 2016-02-23 17:11:56 +0300
Started GET "/assets/scaffolds.self-de6a429aa219ccc50a3ec5f9073b8054e65fc7f110757f2e6ce916fd493bde41.css?body=1" for 127.0.0.1 at 2016-02-23 17:11:56 +0300
Started GET "/assets/posts.self-877aef30ae1b040ab8a3aba4e3e309a11d7f2612f44dde450b5c157aa5f95c05.js?body=1" for 127.0.0.1 at 2016-02-23 17:11:56 +0300
Started GET "/assets/turbolinks.self-c37727e9bd6b2735da5c311aa83fead54ed0be6cc8bd9a65309e9c5abe2cbfff.js?body=1" for 127.0.0.1 at 2016-02-23 17:11:56 +0300
Started GET "/assets/application.self-e80e8f2318043e8af94dddc2adad5a4f09739a8ebb323b3ab31cd71d45fd9113.css?body=1" for 127.0.0.1 at 2016-02-23 17:11:56 +0300
Started GET "/assets/jquery.self-c64a74367bda6ef8b860f19e74df08927ca99d2be2ac934e9e92d5fd361e0da4.js?body=1" for 127.0.0.1 at 2016-02-23 17:11:56 +0300
Started GET "/assets/jquery_ujs.self-d602bdfe68ffc63b9f9cc512872aa3cfff046228a0a36e90dd476e8ef54c1b09.js?body=1" for 127.0.0.1 at 2016-02-23 17:11:56 +0300
Started GET "/assets/application.self-3a3c8b61bda630ee689740ce7cbd0dd8ea6fdd45e2c42eef4661ab38cf268afe.js?body=1" for 127.0.0.1 at 2016-02-23 17:11:56 +0300
Started GET "/posts/new" for 127.0.0.1 at 2016-02-23 17:12:06 +0300
Processing by PostsController#new as HTML
  Rendered posts/_form.html.erb (26.0ms)
  Rendered posts/new.html.erb within layouts/application (27.6ms)
Completed 200 OK in 66ms (Views: 54.6ms | ActiveRecord: 0.6ms)
Started POST "/posts" for 127.0.0.1 at 2016-02-23 17:12:09 +0300
Processing by PostsController#create as HTML
  Parameters: {"utf8"=>"✓", "authenticity_token"=>"XYXbMfPPj0gtDsexzFCbjZWLnB0B1XROffBc1/mdsrfos9thMGBsfaSjwecqxjobnTaIpA41J4mhT2WfAd3RXA==", "post"=>{"title"=>"qr", "body"=>"qwer"}, "commit"=>"Create post"}
  [1m[35m (0.5ms)[0m  [1m[36mbegin transaction[0m
  [1m[35mSQL (0.6ms)[0m  [1m[32mINSERT INTO "posts" ("title", "body", "created_at", "updated_at") VALUES (?, ?, ?, ?)[0m  [["title", "qr"], ["body", "qwer"], ["created_at", 2016-02-23 14:12:09 UTC], ["updated_at", 2016-02-23 14:12:09 UTC]]
  [1m[35m (28.2ms)[0m  [1m[36mcommit transaction[0m
Redirected to http://127.0.0.1:3000/posts/1
Completed 302 Found in 44ms (ActiveRecord: 29.3ms)
Started GET "/posts/1" for 127.0.0.1 at 2016-02-23 17:12:09 +0300
Processing by PostsController#show as HTML
  Parameters: {"id"=>"1"}
  [1m[36mPost Load (0.3ms)[0m  [1m[34mSELECT  "posts".* FROM "posts" WHERE "posts"."id" = ? LIMIT ?[0m  [["id", 1], ["LIMIT", 1]]
  Rendered posts/show.html.erb within layouts/application (1.5ms)
Completed 200 OK in 39ms (Views: 31.1ms | ActiveRecord: 0.3ms)
Started GET "/posts" for 127.0.0.1 at 2016-02-23 17:12:11 +0300
Processing by PostsController#index as HTML
  [1m[36mPost Load (0.3ms)[0m  [1m[34mSELECT "posts".* FROM "posts"[0m
  Rendered posts/index.html.erb within layouts/application (3.1ms)
Completed 200 OK in 32ms (Views: 29.4ms | ActiveRecord: 0.3ms)
